#
# A fatal error has been detected by the Java Runtime Environment:
#
#  EXCEPTION_ACCESS_VIOLATION (0xc0000005) at pc=0x000002407a1838af, pid=16236, tid=16284
#
# JRE version: Java(TM) SE Runtime Environment (23.0+37) (build 23+37-2369)
# Java VM: Java HotSpot(TM) 64-Bit Server VM (23+37-2369, mixed mode, emulated-client, sharing, tiered, compressed oops, compressed class ptrs, g1 gc, windows-amd64)
# Problematic frame:
# v  ~MethodHandlesAdapterBlob 0x000002407a1838af
#
# No core dump will be written. Minidumps are not enabled by default on client versions of Windows
#
# If you would like to submit a bug report, please visit:
#   https://bugreport.java.com/bugreport/crash.jsp
#

---------------  S U M M A R Y ------------

Command Line: -XX:+ShowCodeDetailsInExceptionMessages -agentlib:jdwp=transport=dt_socket,suspend=y,address=localhost:62257 -Dcom.sun.management.jmxremote -Dcom.sun.management.jmxremote.port=62256 -Dcom.sun.management.jmxremote.authenticate=false -Dcom.sun.management.jmxremote.ssl=false -Djava.rmi.server.hostname=localhost -Dspring.jmx.enabled=true -Dspring.application.admin.enabled=true -XX:TieredStopAtLevel=1 -Dspring.boot.project.name=American-flower -javaagent:C:\pleiades\2022-06\eclipse\configuration\org.eclipse.osgi\215\0\.cp\lib\javaagent-shaded.jar -Dfile.encoding=UTF-8 com.example.demo.controller.DemoApplication --spring.output.ansi.enabled=always

Host: Intel(R) Celeron(R) N4020 CPU @ 1.10GHz, 2 cores, 3G,  Windows 11 , 64 bit Build 22621 (10.0.22621.3958)
Time: Tue Nov 26 20:36:50 2024  Windows 11 , 64 bit Build 22621 (10.0.22621.3958) elapsed time: 2658.959257 seconds (0d 0h 44m 18s)

---------------  T H R E A D  ---------------

Current thread (0x0000024049d24060):  JavaThread "http-nio-8080-exec-4" daemon [_thread_in_Java, id=16284, stack(0x000000b05bb00000,0x000000b05bc00000) (1024K)]

Stack: [0x000000b05bb00000,0x000000b05bc00000],  sp=0x000000b05bbfd9c8,  free space=1014k
Native frames: (J=compiled Java code, j=interpreted, Vv=VM code, C=native code)
C  0x000002407a1838af  (no source info available)

The last pc belongs to _linkToVirtual (printed below).

siginfo: EXCEPTION_ACCESS_VIOLATION (0xc0000005), reading address 0xffffffffffffffff


Registers:
RAX=0x000002407a159453, RBX=0x00000000c5046da0, RCX=0xfffffffffffffff7, RDX=0x0000000000000004
RSP=0x000000b05bbfd9c8, RBP=0x000000b05bbfda28, RSI=0x00000240431fd8f8, RDI=0x000002404a68db20
R8 =0x0000000000000004, R9 =0x0000000000000004, R10=0x00007ffe9ac43560, R11=0x000002404558c288
R12=0x0000000000000000, R13=0x000000b05bbfd9c8, R14=0x000000b05bbfda58, R15=0x0000024049d24060
RIP=0x000002407a1838af, EFLAGS=0x0000000000010246


Register to memory mapping:

RAX=0x000002407a159453 is at code_begin+4499 in an Interpreter codelet
return entry points  [0x000002407a1582c0, 0x000002407a15a1c8]  7944 bytes
RBX=0x00000000c5046da0 is an oop: org.springframework.validation.BeanPropertyBindingResult 
{0x00000000c5046da0} - klass: 'org/springframework/validation/BeanPropertyBindingResult'
 - ---- fields (total size 8 words):
 - private 'nestedPath' 'Ljava/lang/String;' @12  ""{0x00000000c30f8178} (0xc30f8178)
 - private final 'nestedPathStack' 'Ljava/util/Deque;' @16  a 'java/util/ArrayDeque'{0x00000000c5046de0} (0xc5046de0)
 - private final 'objectName' 'Ljava/lang/String;' @20  "userInfo"{0x00000000c5046e50} (0xc5046e50)
 - private 'messageCodesResolver' 'Lorg/springframework/validation/MessageCodesResolver;' @24  a 'org/springframework/validation/DefaultMessageCodesResolver'{0x00000000c5046e80} (0xc5046e80)
 - private final 'errors' 'Ljava/util/List;' @28  a 'java/util/ArrayList'{0x00000000c5046e98} (0xc5046e98)
 - private final 'fieldTypes' 'Ljava/util/Map;' @32  a 'java/util/HashMap'{0x00000000c47d55d0} (0xc47d55d0)
 - private final 'fieldValues' 'Ljava/util/Map;' @36  a 'java/util/HashMap'{0x00000000c47d5600} (0xc47d5600)
 - private final 'suppressedFields' 'Ljava/util/Set;' @40  a 'java/util/HashSet'{0x00000000c47d5630} (0xc47d5630)
 - private transient 'conversionService' 'Lorg/springframework/core/convert/ConversionService;' @44  a 'org/springframework/boot/autoconfigure/web/format/WebConversionService'{0x00000000c500b6b8} (0xc500b6b8)
 - private final 'autoGrowCollectionLimit' 'I' @48  256 (0x00000100)
 - private final 'autoGrowNestedPaths' 'Z' @52  true (0x01)
 - private final 'target' 'Ljava/lang/Object;' @56  a 'com/example/demo/model/UserInfo'{0x00000000c5046d80} (0xc5046d80)
 - private transient 'beanWrapper' 'Lorg/springframework/beans/BeanWrapper;' @60  a 'org/springframework/beans/BeanWrapperImpl'{0x00000000c47d5670} (0xc47d5670)
RCX=0xfffffffffffffff7 is an unknown value
RDX=0x0000000000000004 is an unknown value
RSP=0x000000b05bbfd9c8 is pointing into the stack for thread: 0x0000024049d24060
RBP=0x000000b05bbfda28 is pointing into the stack for thread: 0x0000024049d24060
RSI=0x00000240431fd8f8 points into unknown readable memory: 0x8c0024004ea38f49 | 49 8f a3 4e 00 24 00 8c
RDI=0x000002404a68db20 points into unknown readable memory: 0x0000002800000080 | 80 00 00 00 28 00 00 00
R8 =0x0000000000000004 is an unknown value
R9 =0x0000000000000004 is an unknown value
R10=0x00007ffe9ac43560 jvm.dll
R11={method} {0x000002404558c290} 'invokeVirtual' '(Ljava/lang/Object;Ljava/lang/Object;Ljava/lang/Object;Ljava/lang/Object;)Ljava/lang/Object;' in 'java/lang/invoke/LambdaForm$DMH+0x0000024003378c00'
R12=0x0 is null
R13=0x000000b05bbfd9c8 is pointing into the stack for thread: 0x0000024049d24060
R14=0x000000b05bbfda58 is pointing into the stack for thread: 0x0000024049d24060
R15=0x0000024049d24060 is a thread

Top of Stack: (sp=0x000000b05bbfd9c8)
0x000000b05bbfd9c8:   000002407a159453 00000000c5046d80
0x000000b05bbfd9d8:   00000000c5046d70 fffffffffffffff7
0x000000b05bbfd9e8:   000002404558c276 0000000000000006
0x000000b05bbfd9f8:   000002404558c430 000000b05bbfdac8
0x000000b05bbfda08:   00000000c35c8678 000002404558c288
0x000000b05bbfda18:   fffffffffffffff4 000000b05bbfda60
0x000000b05bbfda28:   000000b05bbfdac8 000002407a159453
0x000000b05bbfda38:   00000000c4f59570 00000000c5046da0
0x000000b05bbfda48:   00000000c5046d80 00000000c5046d70
0x000000b05bbfda58:   00000000c4f59500 00000000c56615b0
0x000000b05bbfda68:   00000000c56613b0 00000000c6ada940
0x000000b05bbfda78:   00000000c514efa0 fffffffffffffff7
0x000000b05bbfda88:   0000024045bfc701 000000000000000c
0x000000b05bbfda98:   0000024045d72528 0000000000000000
0x000000b05bbfdaa8:   00000000c43154d8 0000024045bfc710
0x000000b05bbfdab8:   fffffffffffffff3 000000b05bbfdb30
0x000000b05bbfdac8:   000000b05bbfddd0 000002407a8b605a
0x000000b05bbfdad8:   00000000c4f59500 00000000c5046d80
0x000000b05bbfdae8:   00000000c4f595f8 00000000c5046da0
0x000000b05bbfdaf8:   00000000c4f59620 00000000c5046d70
0x000000b05bbfdb08:   00000000c4f59648 00000000c5046da0
0x000000b05bbfdb18:   00000000c5046d80 00000000c5046d70
0x000000b05bbfdb28:   00000000c4f594d0 00000000c4b25028
0x000000b05bbfdb38:   0000000000000001 00000000c4b25028
0x000000b05bbfdb48:   00000000c3b91100 00000000c6ad88a8
0x000000b05bbfdb58:   000002407a77326c 000000b05bbfddd0
0x000000b05bbfdb68:   000002407a436a54 00000000c513fe40
0x000000b05bbfdb78:   00000000c513fe40 0000000000000000
0x000000b05bbfdb88:   00000000c6ad86e8 00000000c4b25028
0x000000b05bbfdb98:   00000000c514f428 00000000c514f3f8
0x000000b05bbfdba8:   0000000000000000 0000000000000000
0x000000b05bbfdbb8:   0000000000000000 0000000000000000 

Instructions: (pc=0x000002407a1838af)
0x000002407a1837af:   f4 00 00 00 00 00 00 00 00 00 00 00 00 00 00 00
0x000002407a1837bf:   00 00 00 00 00 00 00 00 00 00 00 00 00 00 00 00
0x000002407a1837cf:   00 00 00 00 00 00 00 00 00 00 00 00 00 00 00 00
0x000002407a1837df:   00 00 00 00 00 00 00 00 00 00 00 00 00 00 00 00
0x000002407a1837ef:   00 00 00 00 00 00 00 00 00 00 00 00 00 00 00 00
0x000002407a1837ff:   00 22 00 00 00 01 00 00 00 b0 db 99 9a fe 7f 00
0x000002407a18380f:   00 00 00 00 00 00 00 00 00 e0 db 99 9a fe 7f 00
0x000002407a18381f:   00 b8 10 00 00 00 00 00 00 38 00 00 00 38 00 00
0x000002407a18382f:   00 b8 10 00 00 00 00 00 00 38 00 ff ff 05 00 00
0x000002407a18383f:   00 f4 66 66 66 0f 1f 84 00 00 00 00 00 66 66 66
0x000002407a18384f:   90 66 66 66 0f 1f 84 00 00 00 00 00 66 66 66 90
0x000002407a18385f:   90 48 8b 53 08 0f b7 52 2e 48 8b 0c d4 8b 59 14
0x000002407a18386f:   8b 5b 28 8b 5b 24 48 8b 5b 10 48 85 db 0f 84 10
0x000002407a18387f:   00 00 00 41 80 bf e0 05 00 00 00 74 03 ff 63 38
0x000002407a18388f:   ff 63 50 e9 c9 16 00 00 66 0f 1f 84 00 00 00 00
0x000002407a18389f:   00 48 8b 53 08 0f b7 52 2e 48 8b 0c d4 58 5b 50
0x000002407a1838af:   44 8b 51 08 49 bb 00 00 00 02 40 02 00 00 4d 03
0x000002407a1838bf:   d3 4c 8b 5b 10 4b 8b 9c da d0 01 00 00 48 85 db
0x000002407a1838cf:   0f 84 10 00 00 00 41 80 bf e0 05 00 00 00 74 03
0x000002407a1838df:   ff 63 38 ff 63 50 e9 76 16 00 00 66 66 66 0f 1f
0x000002407a1838ef:   84 00 00 00 00 00 66 66 66 90 0f 1f 80 00 00 00
0x000002407a1838ff:   00 58 5b 50 8b 5b 24 48 8b 5b 10 48 85 db 0f 84
0x000002407a18390f:   10 00 00 00 41 80 bf e0 05 00 00 00 74 03 ff 63
0x000002407a18391f:   38 ff 63 50 e9 38 16 00 00 66 66 66 0f 1f 84 00
0x000002407a18392f:   00 00 00 00 66 66 66 90 66 0f 1f 84 00 00 00 00
0x000002407a18393f:   00 48 8b 53 08 0f b7 52 2e 48 8b 0c d4 58 5b 50
0x000002407a18394f:   48 3b 01 8b 5b 24 48 8b 5b 10 48 85 db 0f 84 10
0x000002407a18395f:   00 00 00 41 80 bf e0 05 00 00 00 74 03 ff 63 38
0x000002407a18396f:   ff 63 50 e9 e9 15 00 00 66 0f 1f 84 00 00 00 00
0x000002407a18397f:   00 48 8b 53 08 0f b7 52 2e 48 8b 0c d4 58 5b 50
0x000002407a18398f:   44 8b 51 08 49 bb 00 00 00 02 40 02 00 00 4d 03
0x000002407a18399f:   d3 8b 43 18 48 8b 40 10 48 8b 5b 10 45 8b 9a ac 


Stack slot to memory mapping:

stack at sp + 0 slots: 0x000002407a159453 is at code_begin+4499 in an Interpreter codelet
return entry points  [0x000002407a1582c0, 0x000002407a15a1c8]  7944 bytes
stack at sp + 1 slots: 0x00000000c5046d80 is an oop: com.example.demo.model.UserInfo 
{0x00000000c5046d80} - klass: 'com/example/demo/model/UserInfo'
 - ---- fields (total size 4 words):
 - private 'age' 'I' @12  19 (0x00000013)
 - private 'name' 'Ljava/lang/String;' @16  "anuko"{0x00000000c4e9af80} (0xc4e9af80)
 - private 'email' 'Ljava/lang/String;' @20  "yaburiku@icloud.com"{0x00000000c4e9ae00} (0xc4e9ae00)
 - private 'passWord' 'Ljava/lang/String;' @24  null (0x00000000)
 - private 'confirmPassword' 'Ljava/lang/String;' @28  null (0x00000000)
stack at sp + 2 slots: 0x00000000c5046d70 is an oop: com.example.demo.controller.RegisterController 
{0x00000000c5046d70} - klass: 'com/example/demo/controller/RegisterController'
 - ---- fields (total size 2 words):
stack at sp + 3 slots: 0xfffffffffffffff7 is an unknown value
stack at sp + 4 slots: 0x000002404558c276 is pointing into metadata
stack at sp + 5 slots: 0x0000000000000006 is an unknown value
stack at sp + 6 slots: 0x000002404558c430 is pointing into metadata
stack at sp + 7 slots: 0x000000b05bbfdac8 is pointing into the stack for thread: 0x0000024049d24060

Lock stack of current Java thread (top to bottom):

MethodHandle::interpreter_entry::_linkToVirtual [0x000002407a183897, 0x000002407a1838ea] (83 bytes)
[MachCode]
  0x000002407a183897: 660f 1f84 | 0000 0000 | 0048 8b53 | 080f b752 | 2e48 8b0c | d458 5b50 | 448b 5108 | 49bb 0000 
  0x000002407a1838b7: 0002 4002 | 0000 4d03 | d34c 8b5b | 104b 8b9c | dad0 0100 | 0048 85db | 0f84 1000 | 0000 4180 
  0x000002407a1838d7: bfe0 0500 | 0000 7403 | ff63 38ff | 6350 e976 | 
[/MachCode]

---------------  P R O C E S S  ---------------

Threads class SMR info:
_java_thread_list=0x000002404ad09e30, length=31, elements={
0x0000024043130b40, 0x00000240431326e0, 0x0000024043135510, 0x00000240431370e0,
0x0000024043138b50, 0x00000240431395b0, 0x000002404313c020, 0x00000240431dc7e0,
0x00000240432c3fd0, 0x00000240432c8890, 0x00000240432c8f20, 0x0000024048133110,
0x000002404832cca0, 0x00000240483393a0, 0x000002404837a150, 0x00000240484f6e60,
0x0000024048526360, 0x00000240487b7ae0, 0x0000024049d25410, 0x0000024049d246f0,
0x0000024049d26e50, 0x0000024049d29c40, 0x0000024049d28f20, 0x0000024049d24d80,
0x0000024049d295b0, 0x0000024049d25aa0, 0x0000024049d24060, 0x000002404aa99600,
0x000002404aa92670, 0x000002404aa940b0, 0x000002404aa94740
}

Java Threads: ( => current thread )
  0x0000024043130b40 JavaThread "Reference Handler"          daemon [_thread_blocked, id=8356, stack(0x000000b059c00000,0x000000b059d00000) (1024K)]
  0x00000240431326e0 JavaThread "Finalizer"                  daemon [_thread_blocked, id=16408, stack(0x000000b059d00000,0x000000b059e00000) (1024K)]
  0x0000024043135510 JavaThread "Signal Dispatcher"          daemon [_thread_blocked, id=9516, stack(0x000000b059e00000,0x000000b059f00000) (1024K)]
  0x00000240431370e0 JavaThread "Attach Listener"            daemon [_thread_blocked, id=12612, stack(0x000000b059f00000,0x000000b05a000000) (1024K)]
  0x0000024043138b50 JavaThread "Service Thread"             daemon [_thread_blocked, id=7216, stack(0x000000b05a000000,0x000000b05a100000) (1024K)]
  0x00000240431395b0 JavaThread "Monitor Deflation Thread"   daemon [_thread_blocked, id=1836, stack(0x000000b05a100000,0x000000b05a200000) (1024K)]
  0x000002404313c020 JavaThread "C1 CompilerThread0"         daemon [_thread_blocked, id=1096, stack(0x000000b05a200000,0x000000b05a300000) (1024K)]
  0x00000240431dc7e0 JavaThread "Common-Cleaner"             daemon [_thread_blocked, id=13144, stack(0x000000b05a300000,0x000000b05a400000) (1024K)]
  0x00000240432c3fd0 JavaThread "JDWP Transport Listener: dt_socket" daemon [_thread_blocked, id=12216, stack(0x000000b05a500000,0x000000b05a600000) (1024K)]
  0x00000240432c8890 JavaThread "JDWP Event Helper Thread"   daemon [_thread_blocked, id=15632, stack(0x000000b05a600000,0x000000b05a700000) (1024K)]
  0x00000240432c8f20 JavaThread "JDWP Command Reader"        daemon [_thread_in_native, id=11640, stack(0x000000b05a700000,0x000000b05a800000) (1024K)]
  0x0000024048133110 JavaThread "Notification Thread"        daemon [_thread_blocked, id=17028, stack(0x000000b05a900000,0x000000b05aa00000) (1024K)]
  0x000002404832cca0 JavaThread "RMI TCP Accept-0"           daemon [_thread_in_native, id=12932, stack(0x000000b05aa00000,0x000000b05ab00000) (1024K)]
  0x00000240483393a0 JavaThread "RMI TCP Accept-62256"       daemon [_thread_in_native, id=15212, stack(0x000000b05ab00000,0x000000b05ac00000) (1024K)]
  0x000002404837a150 JavaThread "RMI TCP Accept-0"           daemon [_thread_in_native, id=2124, stack(0x000000b05ac00000,0x000000b05ad00000) (1024K)]
  0x00000240484f6e60 JavaThread "RMI Scheduler(0)"           daemon [_thread_blocked, id=17244, stack(0x000000b05af00000,0x000000b05b000000) (1024K)]
  0x0000024048526360 JavaThread "JMX server connection timeout 30" daemon [_thread_blocked, id=16412, stack(0x000000b05b000000,0x000000b05b100000) (1024K)]
  0x00000240487b7ae0 JavaThread "mysql-cj-abandoned-connection-cleanup" daemon [_thread_blocked, id=16132, stack(0x000000b05b600000,0x000000b05b700000) (1024K)]
  0x0000024049d25410 JavaThread "Live Reload Server"         daemon [_thread_in_native, id=10152, stack(0x000000b05bc00000,0x000000b05bd00000) (1024K)]
  0x0000024049d246f0 JavaThread "DestroyJavaVM"                     [_thread_blocked, id=15764, stack(0x000000b059400000,0x000000b059500000) (1024K)]
  0x0000024049d26e50 JavaThread "File Watcher"               daemon [_thread_blocked, id=13384, stack(0x000000b059300000,0x000000b059400000) (1024K)]
  0x0000024049d29c40 JavaThread "RMI TCP Connection(idle)"   daemon [_thread_blocked, id=16652, stack(0x000000b059200000,0x000000b059300000) (1024K)]
  0x0000024049d28f20 JavaThread "Catalina-utility-1"                [_thread_blocked, id=15544, stack(0x000000b05ae00000,0x000000b05af00000) (1024K)]
  0x0000024049d24d80 JavaThread "Catalina-utility-2"                [_thread_blocked, id=5164, stack(0x000000b05b100000,0x000000b05b200000) (1024K)]
  0x0000024049d295b0 JavaThread "container-1"                       [_thread_blocked, id=4504, stack(0x000000b05b300000,0x000000b05b400000) (1024K)]
  0x0000024049d25aa0 JavaThread "HikariPool-15 housekeeper"  daemon [_thread_blocked, id=11476, stack(0x000000b05b400000,0x000000b05b500000) (1024K)]
=>0x0000024049d24060 JavaThread "http-nio-8080-exec-4"       daemon [_thread_in_Java, id=16284, stack(0x000000b05bb00000,0x000000b05bc00000) (1024K)]
  0x000002404aa99600 JavaThread "RMI TCP Connection(idle)"   daemon [_thread_blocked, id=17280, stack(0x000000b05a400000,0x000000b05a500000) (1024K)]
  0x000002404aa92670 JavaThread "RMI TCP Connection(idle)"   daemon [_thread_blocked, id=15020, stack(0x000000b05ad00000,0x000000b05ae00000) (1024K)]
  0x000002404aa940b0 JavaThread "RMI TCP Connection(87)-127.0.0.1" daemon [_thread_in_native, id=16404, stack(0x000000b05c500000,0x000000b05c600000) (1024K)]
  0x000002404aa94740 JavaThread "Thread-62"                         [_thread_blocked, id=15180, stack(0x000000b05b500000,0x000000b05b600000) (1024K)]
Total: 31

Other Threads:
  0x0000024071ad9140 VMThread "VM Thread"                           [id=10148, stack(0x000000b059b00000,0x000000b059c00000) (1024K)]
  0x000002404311d730 WatcherThread "VM Periodic Task Thread"        [id=1996, stack(0x000000b059a00000,0x000000b059b00000) (1024K)]
  0x0000024071a62180 WorkerThread "GC Thread#0"                     [id=14556, stack(0x000000b059500000,0x000000b059600000) (1024K)]
  0x000002404360eb70 WorkerThread "GC Thread#1"                     [id=10108, stack(0x000000b05a800000,0x000000b05a900000) (1024K)]
  0x0000024071a6caf0 ConcurrentGCThread "G1 Main Marker"            [id=7236, stack(0x000000b059600000,0x000000b059700000) (1024K)]
  0x0000024071a6e770 WorkerThread "G1 Conc#0"                       [id=14004, stack(0x000000b059700000,0x000000b059800000) (1024K)]
  0x0000024071abb2f0 ConcurrentGCThread "G1 Refine#0"               [id=16748, stack(0x000000b059800000,0x000000b059900000) (1024K)]
  0x0000024071abd7d0 ConcurrentGCThread "G1 Service"                [id=17212, stack(0x000000b059900000,0x000000b059a00000) (1024K)]
Total: 8

Threads with active compile tasks:
Total: 0

VM state: not at safepoint (normal execution)

VM Mutex/Monitor currently owned by a thread: None

Heap address: 0x00000000c2c00000, size: 980 MB, Compressed Oops mode: 32-bit

CDS archive(s) mapped at: [0x0000024002000000-0x0000024002d70000-0x0000024002d70000), size 14090240, SharedBaseAddress: 0x0000024002000000, ArchiveRelocationMode: 1.
Compressed class space mapped at: 0x0000024003000000-0x0000024043000000, reserved size: 1073741824
Narrow klass base: 0x0000024002000000, Narrow klass shift: 0, Narrow klass range: 0x41000000

GC Precious Log:
 CardTable entry size: 512
 Card Set container configuration: InlinePtr #cards 5 size 8 Array Of Cards #cards 10 size 36 Howl #buckets 4 coarsen threshold 1843 Howl Bitmap #cards 512 size 80 coarsen threshold 460 Card regions per heap region 1 cards per card region 2048
 CPUs: 2 total, 2 available
 Memory: 3918M
 Large Page Support: Disabled
 NUMA Support: Disabled
 Compressed Oops: Enabled (32-bit)
 Heap Region Size: 1M
 Heap Min Capacity: 8M
 Heap Initial Capacity: 62M
 Heap Max Capacity: 980M
 Pre-touch: Disabled
 Parallel Workers: 2
 Concurrent Workers: 1
 Concurrent Refinement Workers: 2
 Periodic GC: Disabled

Heap:
 garbage-first heap   total reserved 1003520K, committed 71680K, used 34580K [0x00000000c2c00000, 0x0000000100000000)
  region size 1024K, 8 young (8192K), 5 survivors (5120K)
 Metaspace       used 61415K, committed 62144K, reserved 1114112K
  class space    used 8650K, committed 8960K, reserved 1048576K

Heap Regions: E=young(eden), S=young(survivor), O=old, HS=humongous(starts), HC=humongous(continues), CS=collection set, F=free, TAMS=top-at-mark-start, PB=parsable bottom
|   0|0x00000000c2c00000, 0x00000000c2d00000, 0x00000000c2d00000|100%|HS|  |TAMS 0x00000000c2c00000| PB 0x00000000c2c00000| Untracked |  0
|   1|0x00000000c2d00000, 0x00000000c2dffff0, 0x00000000c2e00000| 99%| O|  |TAMS 0x00000000c2d00000| PB 0x00000000c2d00000| Untracked |  0
|   2|0x00000000c2e00000, 0x00000000c2f00000, 0x00000000c2f00000|100%| O|  |TAMS 0x00000000c2e00000| PB 0x00000000c2e00000| Untracked |  0
|   3|0x00000000c2f00000, 0x00000000c3000000, 0x00000000c3000000|100%| O|  |TAMS 0x00000000c2f00000| PB 0x00000000c2f00000| Untracked |  0
|   4|0x00000000c3000000, 0x00000000c3100000, 0x00000000c3100000|100%| O|  |TAMS 0x00000000c3000000| PB 0x00000000c3000000| Untracked |  0
|   5|0x00000000c3100000, 0x00000000c31ffff0, 0x00000000c3200000| 99%| O|  |TAMS 0x00000000c3100000| PB 0x00000000c3100000| Untracked |  0
|   6|0x00000000c3200000, 0x00000000c32ffff0, 0x00000000c3300000| 99%| O|  |TAMS 0x00000000c3200000| PB 0x00000000c3200000| Untracked |  0
|   7|0x00000000c3300000, 0x00000000c3400000, 0x00000000c3400000|100%| O|  |TAMS 0x00000000c3300000| PB 0x00000000c3300000| Untracked |  0
|   8|0x00000000c3400000, 0x00000000c34fffb8, 0x00000000c3500000| 99%| O|  |TAMS 0x00000000c3400000| PB 0x00000000c3400000| Untracked |  0
|   9|0x00000000c3500000, 0x00000000c35ffff0, 0x00000000c3600000| 99%| O|  |TAMS 0x00000000c3500000| PB 0x00000000c3500000| Untracked |  0
|  10|0x00000000c3600000, 0x00000000c36ffff8, 0x00000000c3700000| 99%| O|  |TAMS 0x00000000c3600000| PB 0x00000000c3600000| Untracked |  0
|  11|0x00000000c3700000, 0x00000000c37ffff8, 0x00000000c3800000| 99%| O|  |TAMS 0x00000000c3700000| PB 0x00000000c3700000| Untracked |  0
|  12|0x00000000c3800000, 0x00000000c38fffe8, 0x00000000c3900000| 99%| O|  |TAMS 0x00000000c3800000| PB 0x00000000c3800000| Untracked |  0
|  13|0x00000000c3900000, 0x00000000c39ff848, 0x00000000c3a00000| 99%| O|  |TAMS 0x00000000c3900000| PB 0x00000000c3900000| Untracked |  0
|  14|0x00000000c3a00000, 0x00000000c3b00000, 0x00000000c3b00000|100%| O|  |TAMS 0x00000000c3a00000| PB 0x00000000c3a00000| Untracked |  0
|  15|0x00000000c3b00000, 0x00000000c3bfffe8, 0x00000000c3c00000| 99%| O|  |TAMS 0x00000000c3b00000| PB 0x00000000c3b00000| Untracked |  0
|  16|0x00000000c3c00000, 0x00000000c3cffff8, 0x00000000c3d00000| 99%| O|  |TAMS 0x00000000c3c00000| PB 0x00000000c3c00000| Untracked |  0
|  17|0x00000000c3d00000, 0x00000000c3e00000, 0x00000000c3e00000|100%| O|  |TAMS 0x00000000c3d00000| PB 0x00000000c3d00000| Untracked |  0
|  18|0x00000000c3e00000, 0x00000000c3efffe8, 0x00000000c3f00000| 99%| O|  |TAMS 0x00000000c3e00000| PB 0x00000000c3e00000| Untracked |  0
|  19|0x00000000c3f00000, 0x00000000c3ffffc8, 0x00000000c4000000| 99%| O|  |TAMS 0x00000000c3f00000| PB 0x00000000c3f00000| Untracked |  0
|  20|0x00000000c4000000, 0x00000000c40fffa0, 0x00000000c4100000| 99%| O|  |TAMS 0x00000000c4000000| PB 0x00000000c4000000| Untracked |  0
|  21|0x00000000c4100000, 0x00000000c4169cc8, 0x00000000c4200000| 41%| O|  |TAMS 0x00000000c4100000| PB 0x00000000c4100000| Untracked |  0
|  22|0x00000000c4200000, 0x00000000c42fe170, 0x00000000c4300000| 99%| O|  |TAMS 0x00000000c4200000| PB 0x00000000c4200000| Untracked |  0
|  23|0x00000000c4300000, 0x00000000c4400000, 0x00000000c4400000|100%| O|  |TAMS 0x00000000c4300000| PB 0x00000000c4300000| Untracked |  0
|  24|0x00000000c4400000, 0x00000000c44ff500, 0x00000000c4500000| 99%| O|  |TAMS 0x00000000c4400000| PB 0x00000000c4400000| Untracked |  0
|  25|0x00000000c4500000, 0x00000000c4600000, 0x00000000c4600000|100%| O|  |TAMS 0x00000000c4500000| PB 0x00000000c4500000| Untracked |  0
|  26|0x00000000c4600000, 0x00000000c4610d08, 0x00000000c4700000|  6%| O|  |TAMS 0x00000000c4600000| PB 0x00000000c4600000| Untracked |  0
|  27|0x00000000c4700000, 0x00000000c4800000, 0x00000000c4800000|100%| O|  |TAMS 0x00000000c4700000| PB 0x00000000c4700000| Untracked |  0
|  28|0x00000000c4800000, 0x00000000c4900000, 0x00000000c4900000|100%| S|CS|TAMS 0x00000000c4800000| PB 0x00000000c4800000| Complete |  0
|  29|0x00000000c4900000, 0x00000000c4900000, 0x00000000c4a00000|  0%| F|  |TAMS 0x00000000c4900000| PB 0x00000000c4900000| Untracked |  0
|  30|0x00000000c4a00000, 0x00000000c4a00000, 0x00000000c4b00000|  0%| F|  |TAMS 0x00000000c4a00000| PB 0x00000000c4a00000| Untracked |  0
|  31|0x00000000c4b00000, 0x00000000c4b00000, 0x00000000c4c00000|  0%| F|  |TAMS 0x00000000c4b00000| PB 0x00000000c4b00000| Untracked |  0
|  32|0x00000000c4c00000, 0x00000000c4c00000, 0x00000000c4d00000|  0%| F|  |TAMS 0x00000000c4c00000| PB 0x00000000c4c00000| Untracked |  0
|  33|0x00000000c4d00000, 0x00000000c4e00000, 0x00000000c4e00000|100%| S|CS|TAMS 0x00000000c4d00000| PB 0x00000000c4d00000| Complete |  0
|  34|0x00000000c4e00000, 0x00000000c4f00000, 0x00000000c4f00000|100%| S|CS|TAMS 0x00000000c4e00000| PB 0x00000000c4e00000| Complete |  0
|  35|0x00000000c4f00000, 0x00000000c5000000, 0x00000000c5000000|100%| S|CS|TAMS 0x00000000c4f00000| PB 0x00000000c4f00000| Complete |  0
|  36|0x00000000c5000000, 0x00000000c5100000, 0x00000000c5100000|100%| S|CS|TAMS 0x00000000c5000000| PB 0x00000000c5000000| Complete |  0
|  37|0x00000000c5100000, 0x00000000c5100000, 0x00000000c5200000|  0%| F|  |TAMS 0x00000000c5100000| PB 0x00000000c5100000| Untracked |  0
|  38|0x00000000c5200000, 0x00000000c5200000, 0x00000000c5300000|  0%| F|  |TAMS 0x00000000c5200000| PB 0x00000000c5200000| Untracked |  0
|  39|0x00000000c5300000, 0x00000000c5300000, 0x00000000c5400000|  0%| F|  |TAMS 0x00000000c5300000| PB 0x00000000c5300000| Untracked |  0
|  40|0x00000000c5400000, 0x00000000c5400000, 0x00000000c5500000|  0%| F|  |TAMS 0x00000000c5400000| PB 0x00000000c5400000| Untracked |  0
|  41|0x00000000c5500000, 0x00000000c5500000, 0x00000000c5600000|  0%| F|  |TAMS 0x00000000c5500000| PB 0x00000000c5500000| Untracked |  0
|  42|0x00000000c5600000, 0x00000000c5600000, 0x00000000c5700000|  0%| F|  |TAMS 0x00000000c5600000| PB 0x00000000c5600000| Untracked |  0
|  43|0x00000000c5700000, 0x00000000c5700000, 0x00000000c5800000|  0%| F|  |TAMS 0x00000000c5700000| PB 0x00000000c5700000| Untracked |  0
|  44|0x00000000c5800000, 0x00000000c5800000, 0x00000000c5900000|  0%| F|  |TAMS 0x00000000c5800000| PB 0x00000000c5800000| Untracked |  0
|  45|0x00000000c5900000, 0x00000000c5900000, 0x00000000c5a00000|  0%| F|  |TAMS 0x00000000c5900000| PB 0x00000000c5900000| Untracked |  0
|  46|0x00000000c5a00000, 0x00000000c5a00000, 0x00000000c5b00000|  0%| F|  |TAMS 0x00000000c5a00000| PB 0x00000000c5a00000| Untracked |  0
|  47|0x00000000c5b00000, 0x00000000c5b00000, 0x00000000c5c00000|  0%| F|  |TAMS 0x00000000c5b00000| PB 0x00000000c5b00000| Untracked |  0
|  48|0x00000000c5c00000, 0x00000000c5c00000, 0x00000000c5d00000|  0%| F|  |TAMS 0x00000000c5c00000| PB 0x00000000c5c00000| Untracked |  0
|  49|0x00000000c5d00000, 0x00000000c5d00000, 0x00000000c5e00000|  0%| F|  |TAMS 0x00000000c5d00000| PB 0x00000000c5d00000| Untracked |  0
|  50|0x00000000c5e00000, 0x00000000c5e00000, 0x00000000c5f00000|  0%| F|  |TAMS 0x00000000c5e00000| PB 0x00000000c5e00000| Untracked |  0
|  51|0x00000000c5f00000, 0x00000000c5f00000, 0x00000000c6000000|  0%| F|  |TAMS 0x00000000c5f00000| PB 0x00000000c5f00000| Untracked |  0
|  52|0x00000000c6000000, 0x00000000c6000000, 0x00000000c6100000|  0%| F|  |TAMS 0x00000000c6000000| PB 0x00000000c6000000| Untracked |  0
|  53|0x00000000c6100000, 0x00000000c6100000, 0x00000000c6200000|  0%| F|  |TAMS 0x00000000c6100000| PB 0x00000000c6100000| Untracked |  0
|  54|0x00000000c6200000, 0x00000000c6200000, 0x00000000c6300000|  0%| F|  |TAMS 0x00000000c6200000| PB 0x00000000c6200000| Untracked |  0
|  55|0x00000000c6300000, 0x00000000c6300000, 0x00000000c6400000|  0%| F|  |TAMS 0x00000000c6300000| PB 0x00000000c6300000| Untracked |  0
|  56|0x00000000c6400000, 0x00000000c6400000, 0x00000000c6500000|  0%| F|  |TAMS 0x00000000c6400000| PB 0x00000000c6400000| Untracked |  0
|  57|0x00000000c6500000, 0x00000000c6500000, 0x00000000c6600000|  0%| F|  |TAMS 0x00000000c6500000| PB 0x00000000c6500000| Untracked |  0
|  58|0x00000000c6600000, 0x00000000c6600000, 0x00000000c6700000|  0%| F|  |TAMS 0x00000000c6600000| PB 0x00000000c6600000| Untracked |  0
|  59|0x00000000c6700000, 0x00000000c6700000, 0x00000000c6800000|  0%| F|  |TAMS 0x00000000c6700000| PB 0x00000000c6700000| Untracked |  0
|  60|0x00000000c6800000, 0x00000000c6800000, 0x00000000c6900000|  0%| F|  |TAMS 0x00000000c6800000| PB 0x00000000c6800000| Untracked |  0
|  61|0x00000000c6900000, 0x00000000c6900000, 0x00000000c6a00000|  0%| F|  |TAMS 0x00000000c6900000| PB 0x00000000c6900000| Untracked |  0
|  62|0x00000000c6a00000, 0x00000000c6a00000, 0x00000000c6b00000|  0%| F|  |TAMS 0x00000000c6a00000| PB 0x00000000c6a00000| Untracked |  0
|  63|0x00000000c6b00000, 0x00000000c6b00000, 0x00000000c6c00000|  0%| F|  |TAMS 0x00000000c6b00000| PB 0x00000000c6b00000| Untracked |  0
|  64|0x00000000c6c00000, 0x00000000c6c00000, 0x00000000c6d00000|  0%| F|  |TAMS 0x00000000c6c00000| PB 0x00000000c6c00000| Untracked |  0
|  65|0x00000000c6d00000, 0x00000000c6d00000, 0x00000000c6e00000|  0%| F|  |TAMS 0x00000000c6d00000| PB 0x00000000c6d00000| Untracked |  0
|  66|0x00000000c6e00000, 0x00000000c6e67e10, 0x00000000c6f00000| 40%| E|  |TAMS 0x00000000c6e00000| PB 0x00000000c6e00000| Complete |  0
|  67|0x00000000c6f00000, 0x00000000c7000000, 0x00000000c7000000|100%| E|CS|TAMS 0x00000000c6f00000| PB 0x00000000c6f00000| Complete |  0
|  74|0x00000000c7600000, 0x00000000c7700000, 0x00000000c7700000|100%| E|CS|TAMS 0x00000000c7600000| PB 0x00000000c7600000| Complete |  0
| 979|0x00000000fff00000, 0x00000000fff4da60, 0x0000000100000000| 30%| O|  |TAMS 0x00000000fff00000| PB 0x00000000fff00000| Untracked |  0

Card table byte_map: [0x0000024071770000,0x0000024071960000] _byte_map_base: 0x000002407115a000

Marking Bits: (CMBitMap*) 0x0000024071a62890
 Bits: [0x000002407d150000, 0x000002407e0a0000)

Polling page: 0x00000240711e0000

Metaspace:

Usage:
  Non-class:     51.53 MB used.
      Class:      8.45 MB used.
       Both:     59.98 MB used.

Virtual space:
  Non-class space:       64.00 MB reserved,      51.94 MB ( 81%) committed,  1 nodes.
      Class space:        1.00 GB reserved,       8.75 MB ( <1%) committed,  1 nodes.
             Both:        1.06 GB reserved,      60.69 MB (  6%) committed. 

Chunk freelists:
   Non-Class:  11.72 MB
       Class:  7.12 MB
        Both:  18.84 MB

MaxMetaspaceSize: unlimited
CompressedClassSpaceSize: 1.00 GB
Initial GC threshold: 21.00 MB
Current GC threshold: 100.75 MB
CDS: on
 - commit_granule_bytes: 65536.
 - commit_granule_words: 8192.
 - virtual_space_node_default_size: 8388608.
 - enlarge_chunks_in_place: 1.
 - use_allocation_guard: 0.


Internal statistics:

num_allocs_failed_limit: 8.
num_arena_births: 1954.
num_arena_deaths: 1104.
num_vsnodes_births: 2.
num_vsnodes_deaths: 0.
num_space_committed: 971.
num_space_uncommitted: 0.
num_chunks_returned_to_freelist: 1365.
num_chunks_taken_from_freelist: 4695.
num_chunk_merges: 234.
num_chunk_splits: 2647.
num_chunks_enlarged: 1868.
num_inconsistent_stats: 0.

CodeCache: size=49152Kb used=12364Kb max_used=12677Kb free=36787Kb
 bounds [0x000002407a150000, 0x000002407ae40000, 0x000002407d150000]
 total_blobs=8520, nmethods=7845, adapters=600, full_count=0
Compilation: enabled, stopped_count=0, restarted_count=0

Compilation events (20 events):
Event: 2617.096 Thread 0x000002404313c020 10186       1       sun.nio.ch.IOUtil::acquireScope (36 bytes)
Event: 2617.097 Thread 0x000002404313c020 nmethod 10186 0x000002407ad6fb08 code [0x000002407ad6fc80, 0x000002407ad70020]
Event: 2620.618 Thread 0x000002404313c020 10187       1       java.util.Comparator::comparingLong (18 bytes)
Event: 2620.619 Thread 0x000002404313c020 nmethod 10187 0x000002407ad6f688 code [0x000002407ad6f7e0, 0x000002407ad6fa88]
Event: 2620.620 Thread 0x000002404313c020 10189       1       org.apache.catalina.webresources.StandardRoot::gc (70 bytes)
Event: 2620.620 Thread 0x000002404313c020 nmethod 10189 0x000002407ad6f188 code [0x000002407ad6f300, 0x000002407ad6f620]
Event: 2620.620 Thread 0x000002404313c020 10188       1       java.util.Comparator$$Lambda/0x00000240032ef3a0::<init> (10 bytes)
Event: 2620.620 Thread 0x000002404313c020 nmethod 10188 0x000002407ad6ee88 code [0x000002407ad6efa0, 0x000002407ad6f0b0]
Event: 2656.647 Thread 0x000002404313c020 10190       1       org.springframework.context.ApplicationEvent::<init> (13 bytes)
Event: 2656.647 Thread 0x000002404313c020 nmethod 10190 0x000002407ad6eb08 code [0x000002407ad6ec40, 0x000002407ad6ee38]
Event: 2656.647 Thread 0x000002404313c020 10191       1       java.lang.String::format (16 bytes)
Event: 2656.648 Thread 0x000002404313c020 nmethod 10191 0x000002407ad6e588 code [0x000002407ad6e700, 0x000002407ad6eaa8]
Event: 2656.998 Thread 0x000002404313c020 10192       1       sun.nio.ch.NioSocketImpl::closerFor (18 bytes)
Event: 2657.000 Thread 0x000002404313c020 nmethod 10192 0x000002407ad6e208 code [0x000002407ad6e340, 0x000002407ad6e510]
Event: 2657.000 Thread 0x000002404313c020 10193       1       sun.nio.ch.NioSocketImpl$$Lambda/0x00000240030a01f8::<init> (10 bytes)
Event: 2657.000 Thread 0x000002404313c020 nmethod 10193 0x000002407ad6df08 code [0x000002407ad6e020, 0x000002407ad6e130]
Event: 2657.004 Thread 0x000002404313c020 10194   !   1       org.apache.tomcat.util.net.Acceptor::run (295 bytes)
Event: 2657.007 Thread 0x000002404313c020 nmethod 10194 0x000002407ad6c708 code [0x000002407ad6c9c0, 0x000002407ad6dd88]
Event: 2657.008 Thread 0x000002404313c020 10195       1       java.util.concurrent.LinkedBlockingQueue::size (8 bytes)
Event: 2657.009 Thread 0x000002404313c020 nmethod 10195 0x000002407ad6c408 code [0x000002407ad6c520, 0x000002407ad6c5f0]

GC Heap History (20 events):
Event: 1677.907 GC heap before
{Heap before GC invocations=51 (full 11):
 garbage-first heap   total reserved 1003520K, committed 70656K, used 36337K [0x00000000c2c00000, 0x0000000100000000)
  region size 1024K, 9 young (9216K), 4 survivors (4096K)
 Metaspace       used 60858K, committed 61696K, reserved 1114112K
  class space    used 8577K, committed 8960K, reserved 1048576K
}
Event: 1678.005 GC heap after
{Heap after GC invocations=52 (full 12):
 garbage-first heap   total reserved 1003520K, committed 70656K, used 26662K [0x00000000c2c00000, 0x0000000100000000)
  region size 1024K, 0 young (0K), 0 survivors (0K)
 Metaspace       used 60855K, committed 61696K, reserved 1114112K
  class space    used 8577K, committed 8960K, reserved 1048576K
}
Event: 1678.830 GC heap before
{Heap before GC invocations=52 (full 12):
 garbage-first heap   total reserved 1003520K, committed 70656K, used 58406K [0x00000000c2c00000, 0x0000000100000000)
  region size 1024K, 32 young (32768K), 0 survivors (0K)
 Metaspace       used 60869K, committed 61696K, reserved 1114112K
  class space    used 8581K, committed 8960K, reserved 1048576K
}
Event: 1678.844 GC heap after
{Heap after GC invocations=53 (full 12):
 garbage-first heap   total reserved 1003520K, committed 70656K, used 29352K [0x00000000c2c00000, 0x0000000100000000)
  region size 1024K, 3 young (3072K), 3 survivors (3072K)
 Metaspace       used 60869K, committed 61696K, reserved 1114112K
  class space    used 8581K, committed 8960K, reserved 1048576K
}
Event: 1703.370 GC heap before
{Heap before GC invocations=53 (full 12):
 garbage-first heap   total reserved 1003520K, committed 70656K, used 60072K [0x00000000c2c00000, 0x0000000100000000)
  region size 1024K, 33 young (33792K), 3 survivors (3072K)
 Metaspace       used 60993K, committed 61760K, reserved 1114112K
  class space    used 8593K, committed 8960K, reserved 1048576K
}
Event: 1703.387 GC heap after
{Heap after GC invocations=54 (full 12):
 garbage-first heap   total reserved 1003520K, committed 70656K, used 33165K [0x00000000c2c00000, 0x0000000100000000)
  region size 1024K, 5 young (5120K), 5 survivors (5120K)
 Metaspace       used 60993K, committed 61760K, reserved 1114112K
  class space    used 8593K, committed 8960K, reserved 1048576K
}
Event: 1731.919 GC heap before
{Heap before GC invocations=54 (full 12):
 garbage-first heap   total reserved 1003520K, committed 70656K, used 36237K [0x00000000c2c00000, 0x0000000100000000)
  region size 1024K, 9 young (9216K), 5 survivors (5120K)
 Metaspace       used 61022K, committed 61760K, reserved 1114112K
  class space    used 8596K, committed 8960K, reserved 1048576K
}
Event: 1732.016 GC heap after
{Heap after GC invocations=55 (full 13):
 garbage-first heap   total reserved 1003520K, committed 70656K, used 26654K [0x00000000c2c00000, 0x0000000100000000)
  region size 1024K, 0 young (0K), 0 survivors (0K)
 Metaspace       used 61014K, committed 61760K, reserved 1114112K
  class space    used 8594K, committed 8960K, reserved 1048576K
}
Event: 1736.521 GC heap before
{Heap before GC invocations=55 (full 13):
 garbage-first heap   total reserved 1003520K, committed 70656K, used 58398K [0x00000000c2c00000, 0x0000000100000000)
  region size 1024K, 32 young (32768K), 0 survivors (0K)
 Metaspace       used 61031K, committed 61760K, reserved 1114112K
  class space    used 8598K, committed 8960K, reserved 1048576K
}
Event: 1736.530 GC heap after
{Heap after GC invocations=56 (full 13):
 garbage-first heap   total reserved 1003520K, committed 70656K, used 29726K [0x00000000c2c00000, 0x0000000100000000)
  region size 1024K, 3 young (3072K), 3 survivors (3072K)
 Metaspace       used 61031K, committed 61760K, reserved 1114112K
  class space    used 8598K, committed 8960K, reserved 1048576K
}
Event: 1792.285 GC heap before
{Heap before GC invocations=56 (full 13):
 garbage-first heap   total reserved 1003520K, committed 70656K, used 59422K [0x00000000c2c00000, 0x0000000100000000)
  region size 1024K, 33 young (33792K), 3 survivors (3072K)
 Metaspace       used 61130K, committed 61888K, reserved 1114112K
  class space    used 8604K, committed 8960K, reserved 1048576K
}
Event: 1792.317 GC heap after
{Heap after GC invocations=57 (full 13):
 garbage-first heap   total reserved 1003520K, committed 70656K, used 31330K [0x00000000c2c00000, 0x0000000100000000)
  region size 1024K, 3 young (3072K), 3 survivors (3072K)
 Metaspace       used 61130K, committed 61888K, reserved 1114112K
  class space    used 8604K, committed 8960K, reserved 1048576K
}
Event: 2288.939 GC heap before
{Heap before GC invocations=57 (full 13):
 garbage-first heap   total reserved 1003520K, committed 70656K, used 61026K [0x00000000c2c00000, 0x0000000100000000)
  region size 1024K, 32 young (32768K), 3 survivors (3072K)
 Metaspace       used 61130K, committed 61888K, reserved 1114112K
  class space    used 8604K, committed 8960K, reserved 1048576K
}
Event: 2289.070 GC heap after
{Heap after GC invocations=58 (full 13):
 garbage-first heap   total reserved 1003520K, committed 70656K, used 31714K [0x00000000c2c00000, 0x0000000100000000)
  region size 1024K, 1 young (1024K), 1 survivors (1024K)
 Metaspace       used 61130K, committed 61888K, reserved 1114112K
  class space    used 8604K, committed 8960K, reserved 1048576K
}
Event: 2594.343 GC heap before
{Heap before GC invocations=58 (full 13):
 garbage-first heap   total reserved 1003520K, committed 70656K, used 51170K [0x00000000c2c00000, 0x0000000100000000)
  region size 1024K, 22 young (22528K), 1 survivors (1024K)
 Metaspace       used 61142K, committed 61888K, reserved 1114112K
  class space    used 8607K, committed 8960K, reserved 1048576K
}
Event: 2595.864 GC heap after
{Heap after GC invocations=59 (full 14):
 garbage-first heap   total reserved 1003520K, committed 70656K, used 24029K [0x00000000c2c00000, 0x0000000100000000)
  region size 1024K, 0 young (0K), 0 survivors (0K)
 Metaspace       used 61102K, committed 61888K, reserved 1114112K
  class space    used 8596K, committed 8960K, reserved 1048576K
}
Event: 2600.609 GC heap before
{Heap before GC invocations=59 (full 14):
 garbage-first heap   total reserved 1003520K, committed 70656K, used 59869K [0x00000000c2c00000, 0x0000000100000000)
  region size 1024K, 36 young (36864K), 0 survivors (0K)
 Metaspace       used 61187K, committed 61952K, reserved 1114112K
  class space    used 8620K, committed 8960K, reserved 1048576K
}
Event: 2600.680 GC heap after
{Heap after GC invocations=60 (full 14):
 garbage-first heap   total reserved 1003520K, committed 70656K, used 27847K [0x00000000c2c00000, 0x0000000100000000)
  region size 1024K, 4 young (4096K), 4 survivors (4096K)
 Metaspace       used 61187K, committed 61952K, reserved 1114112K
  class space    used 8620K, committed 8960K, reserved 1048576K
}
Event: 2628.396 GC heap before
{Heap before GC invocations=60 (full 14):
 garbage-first heap   total reserved 1003520K, committed 70656K, used 59591K [0x00000000c2c00000, 0x0000000100000000)
  region size 1024K, 36 young (36864K), 4 survivors (4096K)
 Metaspace       used 61376K, committed 62144K, reserved 1114112K
  class space    used 8649K, committed 8960K, reserved 1048576K
}
Event: 2628.436 GC heap after
{Heap after GC invocations=61 (full 14):
 garbage-first heap   total reserved 1003520K, committed 71680K, used 32532K [0x00000000c2c00000, 0x0000000100000000)
  region size 1024K, 5 young (5120K), 5 survivors (5120K)
 Metaspace       used 61376K, committed 62144K, reserved 1114112K
  class space    used 8649K, committed 8960K, reserved 1048576K
}

Dll operation events (12 events):
Event: 0.147 Loaded shared library C:\Program Files\Java\jdk-23\bin\java.dll
Event: 0.964 Loaded shared library C:\Program Files\Java\jdk-23\bin\zip.dll
Event: 0.973 Loaded shared library C:\Program Files\Java\jdk-23\bin\instrument.dll
Event: 0.988 Loaded shared library C:\Program Files\Java\jdk-23\bin\net.dll
Event: 0.993 Loaded shared library C:\Program Files\Java\jdk-23\bin\nio.dll
Event: 1.002 Loaded shared library C:\Program Files\Java\jdk-23\bin\zip.dll
Event: 1.531 Loaded shared library C:\Program Files\Java\jdk-23\bin\jimage.dll
Event: 1.649 Loaded shared library C:\Program Files\Java\jdk-23\bin\management.dll
Event: 1.685 Loaded shared library C:\Program Files\Java\jdk-23\bin\management_ext.dll
Event: 2.421 Loaded shared library C:\Program Files\Java\jdk-23\bin\extnet.dll
Event: 5.289 Loaded shared library C:\Program Files\Java\jdk-23\bin\sunmscapi.dll
Event: 9.228 Loaded shared library C:\Program Files\Java\jdk-23\bin\verify.dll

Deoptimization events (20 events):
Event: 2656.645 Thread 0x0000024049d28200 DEOPT PACKING pc=0x000002407a5f9c9c sp=0x000000b05b7ff190
Event: 2656.645 Thread 0x0000024049d28200 DEOPT UNPACKING pc=0x000002407a1a4b83 sp=0x000000b05b7fe650 mode 1
Event: 2657.009 Thread 0x0000024049d2a960 DEOPT PACKING pc=0x000002407ab00504 sp=0x000000b05b8ff2c0
Event: 2657.009 Thread 0x0000024049d2a960 DEOPT UNPACKING pc=0x000002407a1a4b83 sp=0x000000b05b8fe868 mode 1
Event: 2657.009 Thread 0x000002404aa98f70 DEOPT PACKING pc=0x000002407ab00504 sp=0x000000b05c0ff070
Event: 2657.009 Thread 0x000002404aa98f70 DEOPT UNPACKING pc=0x000002407a1a4b83 sp=0x000000b05c0fe618 mode 1
Event: 2657.009 Thread 0x000002404aa93a20 DEOPT PACKING pc=0x000002407ab00504 sp=0x000000b05c2ff090
Event: 2657.009 Thread 0x000002404aa93a20 DEOPT UNPACKING pc=0x000002407a1a4b83 sp=0x000000b05c2fe638 mode 1
Event: 2657.009 Thread 0x0000024049d28890 DEOPT PACKING pc=0x000002407ab00504 sp=0x000000b05b9fec20
Event: 2657.009 Thread 0x0000024049d28890 DEOPT UNPACKING pc=0x000002407a1a4b83 sp=0x000000b05b9fe1c8 mode 1
Event: 2657.010 Thread 0x0000024049d2b680 DEOPT PACKING pc=0x000002407ab00504 sp=0x000000b05bdfee30
Event: 2657.010 Thread 0x0000024049d2b680 DEOPT UNPACKING pc=0x000002407a1a4b83 sp=0x000000b05bdfe3d8 mode 1
Event: 2657.010 Thread 0x000002404aa91fe0 DEOPT PACKING pc=0x000002407ab00504 sp=0x000000b05c1ff1f0
Event: 2657.010 Thread 0x000002404aa91fe0 DEOPT UNPACKING pc=0x000002407a1a4b83 sp=0x000000b05c1fe798 mode 1
Event: 2657.010 Thread 0x000002404aa97bc0 DEOPT PACKING pc=0x000002407ab00504 sp=0x000000b05beff2d0
Event: 2657.010 Thread 0x000002404aa97bc0 DEOPT UNPACKING pc=0x000002407a1a4b83 sp=0x000000b05befe878 mode 1
Event: 2657.011 Thread 0x0000024049d2aff0 DEOPT PACKING pc=0x000002407ab00504 sp=0x000000b05bafee70
Event: 2657.011 Thread 0x0000024049d2aff0 DEOPT UNPACKING pc=0x000002407a1a4b83 sp=0x000000b05bafe418 mode 1
Event: 2657.011 Thread 0x000002404aa98250 DEOPT PACKING pc=0x000002407ab00504 sp=0x000000b05bfff350
Event: 2657.011 Thread 0x000002404aa98250 DEOPT UNPACKING pc=0x000002407a1a4b83 sp=0x000000b05bffe8f8 mode 1

Classes loaded (20 events):
Event: 195.742 Loading class java/util/stream/ReduceOps$6ReducingSink
Event: 195.742 Loading class java/util/stream/ReduceOps$6ReducingSink done
Event: 195.742 Loading class java/util/stream/ReferencePipeline$4$1
Event: 195.742 Loading class java/util/stream/ReferencePipeline$4$1 done
Event: 195.753 Loading class java/lang/Throwable$WrappedPrintWriter
Event: 195.753 Loading class java/lang/Throwable$WrappedPrintWriter done
Event: 841.637 Loading class java/util/Scanner
Event: 841.643 Loading class java/util/Scanner done
Event: 841.646 Loading class java/util/Scanner$PatternLRUCache
Event: 841.646 Loading class java/util/Scanner$PatternLRUCache done
Event: 841.661 Loading class java/util/regex/Matcher$ImmutableMatchResult
Event: 841.661 Loading class java/util/regex/Matcher$ImmutableMatchResult done
Event: 863.084 Loading class java/time/DurationEditor
Event: 863.084 Loading class java/time/DurationEditor done
Event: 1390.635 Loading class java/time/DurationEditor
Event: 1390.639 Loading class java/time/DurationEditor done
Event: 1639.288 Loading class sun/reflect/annotation/AnnotationInvocationHandler$1
Event: 1639.295 Loading class sun/reflect/annotation/AnnotationInvocationHandler$1 done
Event: 2602.023 Loading class java/time/DurationEditor
Event: 2602.028 Loading class java/time/DurationEditor done

Classes unloaded (20 events):
Event: 2594.535 Thread 0x0000024071ad9140 Unloading class 0x000002400372e400 'java/lang/invoke/LambdaForm$DMH+0x000002400372e400'
Event: 2594.537 Thread 0x0000024071ad9140 Unloading class 0x0000024003006000 'java/lang/invoke/LambdaForm$MH+0x0000024003006000'
Event: 2594.537 Thread 0x0000024071ad9140 Unloading class 0x00000240038a8c00 'java/lang/invoke/LambdaForm$MH+0x00000240038a8c00'
Event: 2594.537 Thread 0x0000024071ad9140 Unloading class 0x00000240034a9800 'java/lang/invoke/LambdaForm$MH+0x00000240034a9800'
Event: 2594.537 Thread 0x0000024071ad9140 Unloading class 0x0000024003738000 'java/lang/invoke/LambdaForm$MH+0x0000024003738000'
Event: 2594.537 Thread 0x0000024071ad9140 Unloading class 0x0000024003082c00 'java/lang/invoke/LambdaForm$MH+0x0000024003082c00'
Event: 2594.540 Thread 0x0000024071ad9140 Unloading class 0x0000024003087000 'java/lang/invoke/LambdaForm$MH+0x0000024003087000'
Event: 2594.541 Thread 0x0000024071ad9140 Unloading class 0x0000024003409c00 'java/lang/invoke/LambdaForm$MH+0x0000024003409c00'
Event: 2594.541 Thread 0x0000024071ad9140 Unloading class 0x00000240038a9800 'org/apache/catalina/loader/JdbcLeakPrevention'
Event: 2594.541 Thread 0x0000024071ad9140 Unloading class 0x00000240038ae400 'java/lang/invoke/LambdaForm$DMH+0x00000240038ae400'
Event: 2594.542 Thread 0x0000024071ad9140 Unloading class 0x00000240038cb800 'java/lang/invoke/LambdaForm$DMH+0x00000240038cb800'
Event: 2594.544 Thread 0x0000024071ad9140 Unloading class 0x0000024003722800 'java/lang/invoke/LambdaForm$MH+0x0000024003722800'
Event: 2594.544 Thread 0x0000024071ad9140 Unloading class 0x0000024003080800 'java/lang/invoke/LambdaForm$MH+0x0000024003080800'
Event: 2594.544 Thread 0x0000024071ad9140 Unloading class 0x0000024003804800 'java/lang/invoke/LambdaForm$DMH+0x0000024003804800'
Event: 2594.545 Thread 0x0000024071ad9140 Unloading class 0x0000024003805800 'java/lang/invoke/LambdaForm$MH+0x0000024003805800'
Event: 2594.549 Thread 0x0000024071ad9140 Unloading class 0x00000240038af400 'java/lang/invoke/LambdaForm$MH+0x00000240038af400'
Event: 2594.549 Thread 0x0000024071ad9140 Unloading class 0x00000240038c3000 'java/lang/invoke/LambdaForm$DMH+0x00000240038c3000'
Event: 2594.549 Thread 0x0000024071ad9140 Unloading class 0x00000240038ca400 'java/lang/invoke/LambdaForm$MH+0x00000240038ca400'
Event: 2594.549 Thread 0x0000024071ad9140 Unloading class 0x00000240038cac00 'java/lang/invoke/LambdaForm$MH+0x00000240038cac00'
Event: 2594.550 Thread 0x0000024071ad9140 Unloading class 0x00000240038cbc00 'java/lang/invoke/LambdaForm$MH+0x00000240038cbc00'

Classes redefined (20 events):
Event: 1489.988 Thread 0x0000024071ad9140 redefined class name=com.example.demo.model.UserInfo, count=2
Event: 1489.988 Thread 0x0000024071ad9140 redefined class name=com.example.demo.model.UserInfo, count=2
Event: 1507.936 Thread 0x0000024071ad9140 redefined class name=com.example.demo.model.UserInfo, count=3
Event: 1507.936 Thread 0x0000024071ad9140 redefined class name=com.example.demo.model.UserInfo, count=2
Event: 1507.936 Thread 0x0000024071ad9140 redefined class name=com.example.demo.model.UserInfo, count=3
Event: 1507.936 Thread 0x0000024071ad9140 redefined class name=com.example.demo.model.UserInfo, count=3
Event: 1507.936 Thread 0x0000024071ad9140 redefined class name=com.example.demo.model.UserInfo, count=3
Event: 1604.774 Thread 0x0000024071ad9140 redefined class name=com.example.demo.model.UserInfo, count=4
Event: 1604.774 Thread 0x0000024071ad9140 redefined class name=com.example.demo.model.UserInfo, count=1
Event: 1604.774 Thread 0x0000024071ad9140 redefined class name=com.example.demo.model.UserInfo, count=3
Event: 1604.774 Thread 0x0000024071ad9140 redefined class name=com.example.demo.model.UserInfo, count=4
Event: 1604.774 Thread 0x0000024071ad9140 redefined class name=com.example.demo.model.UserInfo, count=4
Event: 1604.774 Thread 0x0000024071ad9140 redefined class name=com.example.demo.model.UserInfo, count=4
Event: 1668.917 Thread 0x0000024071ad9140 redefined class name=com.example.demo.model.UserInfo, count=1
Event: 1668.917 Thread 0x0000024071ad9140 redefined class name=com.example.demo.model.UserInfo, count=5
Event: 1668.917 Thread 0x0000024071ad9140 redefined class name=com.example.demo.model.UserInfo, count=2
Event: 1668.917 Thread 0x0000024071ad9140 redefined class name=com.example.demo.model.UserInfo, count=4
Event: 1668.917 Thread 0x0000024071ad9140 redefined class name=com.example.demo.model.UserInfo, count=5
Event: 1668.917 Thread 0x0000024071ad9140 redefined class name=com.example.demo.model.UserInfo, count=5
Event: 1668.917 Thread 0x0000024071ad9140 redefined class name=com.example.demo.model.UserInfo, count=5

Internal exceptions (20 events):
Event: 1735.706 Thread 0x000002404aa93a20 Exception <a 'java/lang/NoClassDefFoundError'{0x00000000c5aba6b8}: org/flywaydb/core/Flyway> (0x00000000c5aba6b8) 
thrown [s\open\src\hotspot\share\oops\constantPool.cpp, line 867]
Event: 1735.707 Thread 0x000002404aa93a20 Exception <a 'java/lang/NoClassDefFoundError'{0x00000000c5abad18}: liquibase/integration/spring/SpringLiquibase> (0x00000000c5abad18) 
thrown [s\open\src\hotspot\share\oops\constantPool.cpp, line 867]
Event: 1735.741 Thread 0x000002404aa93a20 Exception <a 'java/lang/NoClassDefFoundError'{0x00000000c59183e0}: org/jooq/DSLContext> (0x00000000c59183e0) 
thrown [s\open\src\hotspot\share\oops\constantPool.cpp, line 867]
Event: 1735.743 Thread 0x000002404aa93a20 Exception <a 'java/lang/NoClassDefFoundError'{0x00000000c5923090}: org/springframework/batch/core/repository/JobRepository> (0x00000000c5923090) 
thrown [s\open\src\hotspot\share\oops\constantPool.cpp, line 867]
Event: 1735.744 Thread 0x000002404aa93a20 Exception <a 'java/lang/NoClassDefFoundError'{0x00000000c59236e8}: org/quartz/Scheduler> (0x00000000c59236e8) 
thrown [s\open\src\hotspot\share\oops\constantPool.cpp, line 867]
Event: 1735.745 Thread 0x000002404aa93a20 Exception <a 'java/lang/NoClassDefFoundError'{0x00000000c5923d68}: org/springframework/session/jdbc/JdbcIndexedSessionRepository> (0x00000000c5923d68) 
thrown [s\open\src\hotspot\share\oops\constantPool.cpp, line 867]
Event: 1735.968 Thread 0x000002404aa93a20 Exception <a 'java/io/FileNotFoundException'{0x00000000c53b83b8}> (0x00000000c53b83b8) 
thrown [s\open\src\hotspot\share\prims\jni.cpp, line 520]
Event: 1736.047 Thread 0x000002404aa93a20 Exception <a 'java/io/FileNotFoundException'{0x00000000c516b098}> (0x00000000c516b098) 
thrown [s\open\src\hotspot\share\prims\jni.cpp, line 520]
Event: 2594.322 Thread 0x000002404aa94dd0 Exception <a 'java/lang/InterruptedException'{0x00000000c5ca3e48}: sleep interrupted> (0x00000000c5ca3e48) 
thrown [s\open\src\hotspot\share\prims\jvm.cpp, line 3093]
Event: 2597.848 Thread 0x0000024049d27b70 Exception <a 'sun/nio/fs/WindowsException'{0x00000000c76ce028}> (0x00000000c76ce028) 
thrown [s\open\src\hotspot\share\prims\jni.cpp, line 520]
Event: 2599.934 Thread 0x0000024049d27b70 Exception <a 'java/lang/NoClassDefFoundError'{0x00000000c59e0408}: org/flywaydb/core/Flyway> (0x00000000c59e0408) 
thrown [s\open\src\hotspot\share\oops\constantPool.cpp, line 867]
Event: 2599.950 Thread 0x0000024049d27b70 Exception <a 'java/lang/NoClassDefFoundError'{0x00000000c59e0a68}: liquibase/integration/spring/SpringLiquibase> (0x00000000c59e0a68) 
thrown [s\open\src\hotspot\share\oops\constantPool.cpp, line 867]
Event: 2599.978 Thread 0x0000024049d27b70 Exception <a 'java/lang/NoClassDefFoundError'{0x00000000c584f208}: org/jooq/DSLContext> (0x00000000c584f208) 
thrown [s\open\src\hotspot\share\oops\constantPool.cpp, line 867]
Event: 2599.982 Thread 0x0000024049d27b70 Exception <a 'java/lang/NoClassDefFoundError'{0x00000000c5859ea0}: org/springframework/batch/core/repository/JobRepository> (0x00000000c5859ea0) 
thrown [s\open\src\hotspot\share\oops\constantPool.cpp, line 867]
Event: 2599.984 Thread 0x0000024049d27b70 Exception <a 'java/lang/NoClassDefFoundError'{0x00000000c585a4f8}: org/quartz/Scheduler> (0x00000000c585a4f8) 
thrown [s\open\src\hotspot\share\oops\constantPool.cpp, line 867]
Event: 2599.984 Thread 0x0000024049d27b70 Exception <a 'java/lang/NoClassDefFoundError'{0x00000000c585ab78}: org/springframework/session/jdbc/JdbcIndexedSessionRepository> (0x00000000c585ab78) 
thrown [s\open\src\hotspot\share\oops\constantPool.cpp, line 867]
Event: 2600.376 Thread 0x0000024049d27b70 Exception <a 'java/lang/NoSuchMethodError'{0x00000000c519fde0}: 'int java.lang.invoke.DirectMethodHandle$Holder.invokeVirtual(java.lang.Object, java.lang.Object, java.lang.Object, java.lang.Object)'> (0x00000000c519fde0) 
thrown [s\open\src\hotspot\share\interpreter\linkResolver.cpp, line 796]
Event: 2600.379 Thread 0x0000024049d27b70 Exception <a 'java/lang/NoSuchMethodError'{0x00000000c51a33e0}: 'int java.lang.invoke.DelegatingMethodHandle$Holder.reinvoke_L(java.lang.Object, java.lang.Object, java.lang.Object, java.lang.Object)'> (0x00000000c51a33e0) 
thrown [s\open\src\hotspot\share\interpreter\linkResolver.cpp, line 796]
Event: 2600.428 Thread 0x0000024049d27b70 Exception <a 'java/io/FileNotFoundException'{0x00000000c51f2f50}> (0x00000000c51f2f50) 
thrown [s\open\src\hotspot\share\prims\jni.cpp, line 520]
Event: 2600.517 Thread 0x0000024049d27b70 Exception <a 'java/io/FileNotFoundException'{0x00000000c4f9fe78}> (0x00000000c4f9fe78) 
thrown [s\open\src\hotspot\share\prims\jni.cpp, line 520]

VM Operations (20 events):
Event: 2656.529 Executing VM operation: get/set locals
Event: 2656.529 Executing VM operation: get/set locals done
Event: 2656.536 Executing VM operation: get/set locals
Event: 2656.536 Executing VM operation: get/set locals done
Event: 2656.541 Executing VM operation: get/set locals
Event: 2656.541 Executing VM operation: get/set locals done
Event: 2656.546 Executing VM operation: get/set locals
Event: 2656.546 Executing VM operation: get/set locals done
Event: 2656.549 Executing VM operation: get/set locals
Event: 2656.551 Executing VM operation: get/set locals done
Event: 2656.557 Executing VM operation: get/set locals
Event: 2656.557 Executing VM operation: get/set locals done
Event: 2656.748 Executing VM operation: get/set locals
Event: 2656.982 Executing VM operation: get/set locals done
Event: 2657.731 Executing VM operation: get/set locals
Event: 2657.731 Executing VM operation: get/set locals done
Event: 2657.741 Executing VM operation: get/set locals
Event: 2657.741 Executing VM operation: get/set locals done
Event: 2657.742 Executing VM operation: get/set locals
Event: 2657.742 Executing VM operation: get/set locals done

Memory protections (0 events):
No events

Nmethod flushes (20 events):
Event: 1498.729 Thread 0x0000024071ad9140 flushing  nmethod 0x000002407a5d8008
Event: 1498.729 Thread 0x0000024071ad9140 flushing  nmethod 0x000002407a607008
Event: 1498.729 Thread 0x0000024071ad9140 flushing  nmethod 0x000002407a60a108
Event: 1498.729 Thread 0x0000024071ad9140 flushing  nmethod 0x000002407a639808
Event: 1498.729 Thread 0x0000024071ad9140 flushing  nmethod 0x000002407a654808
Event: 1498.729 Thread 0x0000024071ad9140 flushing  nmethod 0x000002407a787988
Event: 1498.729 Thread 0x0000024071ad9140 flushing  nmethod 0x000002407a86e408
Event: 1498.729 Thread 0x0000024071ad9140 flushing  nmethod 0x000002407a8e0f88
Event: 1498.729 Thread 0x0000024071ad9140 flushing  nmethod 0x000002407a91ff08
Event: 1498.729 Thread 0x0000024071ad9140 flushing  nmethod 0x000002407a9e6408
Event: 1498.729 Thread 0x0000024071ad9140 flushing  nmethod 0x000002407aa0ca88
Event: 1498.729 Thread 0x0000024071ad9140 flushing  nmethod 0x000002407aa0f908
Event: 1498.729 Thread 0x0000024071ad9140 flushing  nmethod 0x000002407aa0fc08
Event: 1498.729 Thread 0x0000024071ad9140 flushing  nmethod 0x000002407aa11b08
Event: 1498.729 Thread 0x0000024071ad9140 flushing  nmethod 0x000002407aa44008
Event: 1498.729 Thread 0x0000024071ad9140 flushing  nmethod 0x000002407aa99788
Event: 1498.729 Thread 0x0000024071ad9140 flushing  nmethod 0x000002407aa9a088
Event: 1498.729 Thread 0x0000024071ad9140 flushing  nmethod 0x000002407ab6b588
Event: 2595.760 Thread 0x0000024071ad9140 flushing  nmethod 0x000002407acf2b08
Event: 2595.760 Thread 0x0000024071ad9140 flushing  nmethod 0x000002407abec788

Events (20 events):
Event: 2604.064 Thread 0x000002404aa940b0 Thread added: 0x000002404aa92d00
Event: 2604.065 Thread 0x000002404aa94dd0 Thread exited: 0x000002404aa94dd0
Event: 2604.073 Thread 0x000002404aa92d00 Thread exited: 0x000002404aa92d00
Event: 2605.006 Thread 0x000002404aa94740 Thread exited: 0x000002404aa94740
Event: 2605.009 Thread 0x000002404aa940b0 Thread added: 0x000002404aa92d00
Event: 2606.014 Thread 0x000002404aa92d00 Thread exited: 0x000002404aa92d00
Event: 2608.711 Thread 0x0000024049d2a2d0 Thread exited: 0x0000024049d2a2d0
Event: 2656.648 Thread 0x0000024049d28200 Thread added: 0x000002404aa94740
Event: 2656.648 Thread 0x0000024049d28200 Thread exited: 0x0000024049d28200
Event: 2657.008 Thread 0x000002404aa93390 Thread exited: 0x000002404aa93390
Event: 2657.008 Thread 0x000002404aa96ea0 Thread exited: 0x000002404aa96ea0
Event: 2657.009 Thread 0x0000024049d2a960 Thread exited: 0x0000024049d2a960
Event: 2657.009 Thread 0x000002404aa98f70 Thread exited: 0x000002404aa98f70
Event: 2657.009 Thread 0x000002404aa93a20 Thread exited: 0x000002404aa93a20
Event: 2657.010 Thread 0x0000024049d28890 Thread exited: 0x0000024049d28890
Event: 2657.010 Thread 0x0000024049d2b680 Thread exited: 0x0000024049d2b680
Event: 2657.010 Thread 0x000002404aa91fe0 Thread exited: 0x000002404aa91fe0
Event: 2657.011 Thread 0x000002404aa97bc0 Thread exited: 0x000002404aa97bc0
Event: 2657.011 Thread 0x0000024049d2aff0 Thread exited: 0x0000024049d2aff0
Event: 2657.011 Thread 0x000002404aa98250 Thread exited: 0x000002404aa98250


Dynamic libraries:
0x00007ff6a5770000 - 0x00007ff6a5780000 	C:\Program Files\Java\jdk-23\bin\javaw.exe
0x00007fff0a950000 - 0x00007fff0ab67000 	C:\WINDOWS\SYSTEM32\ntdll.dll
0x00007fff09790000 - 0x00007fff09854000 	C:\WINDOWS\System32\KERNEL32.DLL
0x00007fff07c60000 - 0x00007fff08017000 	C:\WINDOWS\System32\KERNELBASE.dll
0x00007fff08440000 - 0x00007fff08551000 	C:\WINDOWS\System32\ucrtbase.dll
0x00007ffee91d0000 - 0x00007ffee91e7000 	C:\Program Files\Java\jdk-23\bin\jli.dll
0x00007ffee1650000 - 0x00007ffee166b000 	C:\Program Files\Java\jdk-23\bin\VCRUNTIME140.dll
0x00007fff098d0000 - 0x00007fff09a7f000 	C:\WINDOWS\System32\USER32.dll
0x00007fff082e0000 - 0x00007fff08306000 	C:\WINDOWS\System32\win32u.dll
0x00007fff09760000 - 0x00007fff09789000 	C:\WINDOWS\System32\GDI32.dll
0x00007fff08560000 - 0x00007fff08678000 	C:\WINDOWS\System32\gdi32full.dll
0x00007fff08190000 - 0x00007fff0822a000 	C:\WINDOWS\System32\msvcp_win.dll
0x00007ffef5740000 - 0x00007ffef59d3000 	C:\WINDOWS\WinSxS\amd64_microsoft.windows.common-controls_6595b64144ccf1df_6.0.22621.3672_none_2713b9d173822955\COMCTL32.dll
0x00007fff09e00000 - 0x00007fff09ea7000 	C:\WINDOWS\System32\msvcrt.dll
0x00007fff09860000 - 0x00007fff09891000 	C:\WINDOWS\System32\IMM32.DLL
0x00007fff02bb0000 - 0x00007fff02bbc000 	C:\Program Files\Java\jdk-23\bin\vcruntime140_1.dll
0x00007ffedda80000 - 0x00007ffeddb0e000 	C:\Program Files\Java\jdk-23\bin\msvcp140.dll
0x00007ffe99fc0000 - 0x00007ffe9ad0f000 	C:\Program Files\Java\jdk-23\bin\server\jvm.dll
0x00007fff089b0000 - 0x00007fff08a62000 	C:\WINDOWS\System32\ADVAPI32.dll
0x00007fff08cc0000 - 0x00007fff08d68000 	C:\WINDOWS\System32\sechost.dll
0x00007fff08230000 - 0x00007fff08258000 	C:\WINDOWS\System32\bcrypt.dll
0x00007fff08890000 - 0x00007fff089a4000 	C:\WINDOWS\System32\RPCRT4.dll
0x00007fff09eb0000 - 0x00007fff09f21000 	C:\WINDOWS\System32\WS2_32.dll
0x00007fff07b30000 - 0x00007fff07b7d000 	C:\WINDOWS\SYSTEM32\POWRPROF.dll
0x00007ffef7bd0000 - 0x00007ffef7c04000 	C:\WINDOWS\SYSTEM32\WINMM.dll
0x00007fff01da0000 - 0x00007fff01daa000 	C:\WINDOWS\SYSTEM32\VERSION.dll
0x00007fff07b10000 - 0x00007fff07b23000 	C:\WINDOWS\SYSTEM32\UMPDC.dll
0x00007fff06c70000 - 0x00007fff06c88000 	C:\WINDOWS\SYSTEM32\kernel.appcore.dll
0x00007ffee1640000 - 0x00007ffee164a000 	C:\Program Files\Java\jdk-23\bin\jimage.dll
0x00007fff05700000 - 0x00007fff05932000 	C:\WINDOWS\SYSTEM32\DBGHELP.DLL
0x00007fff0a580000 - 0x00007fff0a90e000 	C:\WINDOWS\System32\combase.dll
0x00007fff09fb0000 - 0x00007fff0a087000 	C:\WINDOWS\System32\OLEAUT32.dll
0x00007fff02b10000 - 0x00007fff02b42000 	C:\WINDOWS\SYSTEM32\dbgcore.DLL
0x00007fff08260000 - 0x00007fff082db000 	C:\WINDOWS\System32\bcryptPrimitives.dll
0x00007ffef45f0000 - 0x00007ffef462c000 	C:\Program Files\Java\jdk-23\bin\jdwp.dll
0x00007ffee1630000 - 0x00007ffee163f000 	C:\Program Files\Java\jdk-23\bin\instrument.dll
0x00007ffee1610000 - 0x00007ffee162e000 	C:\Program Files\Java\jdk-23\bin\java.dll
0x00007fff09a80000 - 0x00007fff09c25000 	C:\WINDOWS\System32\ole32.dll
0x00007fff08d70000 - 0x00007fff095d9000 	C:\WINDOWS\System32\SHELL32.dll
0x00007fff05b80000 - 0x00007fff0647f000 	C:\WINDOWS\SYSTEM32\windows.storage.dll
0x00007fff05a40000 - 0x00007fff05b7f000 	C:\WINDOWS\SYSTEM32\wintypes.dll
0x00007fff09c90000 - 0x00007fff09d89000 	C:\WINDOWS\System32\SHCORE.dll
0x00007fff09da0000 - 0x00007fff09dfe000 	C:\WINDOWS\System32\shlwapi.dll
0x00007fff07b90000 - 0x00007fff07bb7000 	C:\WINDOWS\SYSTEM32\profapi.dll
0x00007fff02330000 - 0x00007fff0233c000 	C:\Program Files\Java\jdk-23\bin\dt_socket.dll
0x00007fff06770000 - 0x00007fff0679d000 	C:\WINDOWS\SYSTEM32\IPHLPAPI.DLL
0x00007fff070e0000 - 0x00007fff07149000 	C:\WINDOWS\system32\mswsock.dll
0x00007fff067a0000 - 0x00007fff068a2000 	C:\WINDOWS\SYSTEM32\DNSAPI.dll
0x00007fff09d90000 - 0x00007fff09d99000 	C:\WINDOWS\System32\NSI.dll
0x00007fff02700000 - 0x00007fff0270a000 	C:\Windows\System32\rasadhlp.dll
0x00007ffef5a20000 - 0x00007ffef5aa3000 	C:\WINDOWS\System32\fwpuclnt.dll
0x00007ffedda60000 - 0x00007ffedda77000 	C:\Program Files\Java\jdk-23\bin\zip.dll
0x00007ffedda50000 - 0x00007ffedda60000 	C:\Program Files\Java\jdk-23\bin\net.dll
0x00007ffedda30000 - 0x00007ffedda46000 	C:\Program Files\Java\jdk-23\bin\nio.dll
0x00007fff02730000 - 0x00007fff0273a000 	C:\Program Files\Java\jdk-23\bin\management.dll
0x00007fff02720000 - 0x00007fff0272b000 	C:\Program Files\Java\jdk-23\bin\management_ext.dll
0x00007fff098b0000 - 0x00007fff098b8000 	C:\WINDOWS\System32\PSAPI.DLL
0x00007ffee9460000 - 0x00007ffee9477000 	C:\WINDOWS\system32\napinsp.dll
0x00007ffedd490000 - 0x00007ffedd4ab000 	C:\WINDOWS\system32\pnrpnsp.dll
0x00007ffed9160000 - 0x00007ffed9171000 	C:\WINDOWS\System32\winrnr.dll
0x00007fff02760000 - 0x00007fff02775000 	C:\WINDOWS\system32\wshbth.dll
0x00007ffee42a0000 - 0x00007ffee42c7000 	C:\WINDOWS\system32\nlansp_c.dll
0x00007fff07300000 - 0x00007fff0731b000 	C:\WINDOWS\SYSTEM32\CRYPTSP.dll
0x00007fff06bd0000 - 0x00007fff06c05000 	C:\WINDOWS\system32\rsaenh.dll
0x00007fff07180000 - 0x00007fff071a8000 	C:\WINDOWS\SYSTEM32\USERENV.dll
0x00007fff07320000 - 0x00007fff0732c000 	C:\WINDOWS\SYSTEM32\CRYPTBASE.dll
0x00007fff02310000 - 0x00007fff02319000 	C:\Program Files\Java\jdk-23\bin\extnet.dll
0x00007ffef8680000 - 0x00007ffef868e000 	C:\Program Files\Java\jdk-23\bin\sunmscapi.dll
0x00007fff08020000 - 0x00007fff08186000 	C:\WINDOWS\System32\CRYPT32.dll
0x00007fff07530000 - 0x00007fff0755d000 	C:\WINDOWS\SYSTEM32\ncrypt.dll
0x00007fff074f0000 - 0x00007fff07527000 	C:\WINDOWS\SYSTEM32\NTASN1.dll
0x00007fff02710000 - 0x00007fff02720000 	C:\Program Files\Java\jdk-23\bin\verify.dll
0x00007ffee8340000 - 0x00007ffee8348000 	C:\WINDOWS\system32\wshunix.dll

dbghelp: loaded successfully - version: 4.0.5 - missing functions: none
symbol engine: initialized successfully - sym options: 0x614 - pdb path: .;C:\Program Files\Java\jdk-23\bin;C:\WINDOWS\SYSTEM32;C:\WINDOWS\WinSxS\amd64_microsoft.windows.common-controls_6595b64144ccf1df_6.0.22621.3672_none_2713b9d173822955;C:\Program Files\Java\jdk-23\bin\server

VM Arguments:
jvm_args: -XX:+ShowCodeDetailsInExceptionMessages -agentlib:jdwp=transport=dt_socket,suspend=y,address=localhost:62257 -Dcom.sun.management.jmxremote -Dcom.sun.management.jmxremote.port=62256 -Dcom.sun.management.jmxremote.authenticate=false -Dcom.sun.management.jmxremote.ssl=false -Djava.rmi.server.hostname=localhost -Dspring.jmx.enabled=true -Dspring.application.admin.enabled=true -XX:TieredStopAtLevel=1 -Dspring.boot.project.name=American-flower -javaagent:C:\pleiades\2022-06\eclipse\configuration\org.eclipse.osgi\215\0\.cp\lib\javaagent-shaded.jar -Dfile.encoding=UTF-8 
java_command: com.example.demo.controller.DemoApplication --spring.output.ansi.enabled=always
java_class_path (initial): C:\Users\user\root\workspace\American-flower\target\classes;C:\Users\user\.m2\repository\org\springframework\boot\spring-boot-starter-thymeleaf\3.3.4\spring-boot-starter-thymeleaf-3.3.4.jar;C:\Users\user\.m2\repository\org\springframework\boot\spring-boot-starter\3.3.4\spring-boot-starter-3.3.4.jar;C:\Users\user\.m2\repository\org\springframework\boot\spring-boot-starter-logging\3.3.4\spring-boot-starter-logging-3.3.4.jar;C:\Users\user\.m2\repository\ch\qos\logback\logback-classic\1.5.8\logback-classic-1.5.8.jar;C:\Users\user\.m2\repository\ch\qos\logback\logback-core\1.5.8\logback-core-1.5.8.jar;C:\Users\user\.m2\repository\org\apache\logging\log4j\log4j-to-slf4j\2.23.1\log4j-to-slf4j-2.23.1.jar;C:\Users\user\.m2\repository\org\apache\logging\log4j\log4j-api\2.23.1\log4j-api-2.23.1.jar;C:\Users\user\.m2\repository\org\slf4j\jul-to-slf4j\2.0.16\jul-to-slf4j-2.0.16.jar;C:\Users\user\.m2\repository\jakarta\annotation\jakarta.annotation-api\2.1.1\jakarta.annotation-api-2.1.1.jar;C:\Users\user\.m2\repository\org\yaml\snakeyaml\2.2\snakeyaml-2.2.jar;C:\Users\user\.m2\repository\org\thymeleaf\thymeleaf-spring6\3.1.2.RELEASE\thymeleaf-spring6-3.1.2.RELEASE.jar;C:\Users\user\.m2\repository\org\thymeleaf\thymeleaf\3.1.2.RELEASE\thymeleaf-3.1.2.RELEASE.jar;C:\Users\user\.m2\repository\org\attoparser\attoparser\2.0.7.RELEASE\attoparser-2.0.7.RELEASE.jar;C:\Users\user\.m2\repository\org\unbescape\unbescape\1.1.6.RELEASE\unbescape-1.1.6.RELEASE.jar;C:\Users\user\.m2\repository\org\slf4j\slf4j-api\2.0.16\slf4j-api-2.0.16.jar;C:\Users\user\.m2\repository\org\springframework\boot\spring-boot-starter-web\3.3.4\spring-boot-starter-web-3.3.4.jar;C:\Users\user\.m2\repository\org\springframework\boot\spring-boot-starter-json\3.3.4\spring-boot-starter-json-3.3.4.jar;C:\Users\user\.m2\repository\com\fasterxml\jackson\core\jackson-databind\2.17.2\jackson-databind-2.17.2.jar;C:\Users\user\.m2\repository\com\fasterxml\jackson\core\jackson-annotations\2.17.2\jackson-annotations-2.17.2.jar;C:\Users\user\.m2\repository\com\fasterxml\jackson\core\jackson-core\2.17.2\jackson-core-2.17.2.jar;C:\Users\user\.m2\repository\com\fasterxml\jackson\datatype\jackson-datatype-jdk8\2.17.2\jackson-datatype-jdk8-2.17.2.jar;C:\Users\user\.m2\repository\com\fasterxml\jackson\datatype\jackson-datatype-jsr310\2.17.2\jackson-datatype-jsr310-2.17.2.jar;C:\Users\user\.m2\repository\com\fasterxml\jackson\module\jackson-module-parameter-names\2.17.2\jackson-module-parameter-names-2.17.2.jar;C:\Users\user\.m2\repository\org\springframework\boot\spring-boot-starter-tomcat\3.3.4\spring-boot-starter-tomcat-3.3.4.jar;C:\Users\user\.m2\repository\org\apache\tomcat\embed\tomcat-embed-core\10.1.30\tomcat-embed-core-10.1.30.jar;C:\Users\user\.m2\repository\org\apache\tomcat\embed\tomcat-embed-websocket\10.1.30\tomcat-embed-websocket-10.1.30.jar;C:\Users\user\.m2\repository\org\springframework\spring-web\6.1.13\spring-web-6.1.13.jar;C:\Users\user\.m2\repository\org\springframework\spring-beans\6.1.13\spring-beans-6.1.13.jar;C:\Users\user\.m2\repository\io\micrometer\micrometer-observation\1.13.4\micrometer-observation-1.13.4.jar;C:\Users\user\.m2\repository\io\micrometer\micrometer-commons\1.13.4\micrometer-commons-1.13.4.jar;C:\Users\user\.m2\repository\org\springframework\spring-webmvc\6.1.13\spring-webmvc-6.1.13.jar;C:\Users\user\.m2\repository\org\springframework\spring-aop\6.1.13\spring-aop-6.1.13.jar;C:\Users\user\.m2\repository\org\springframework\spring-context\6.1.13\spring-context-6.1.13.jar;C:\Users\user\.m2\repository\org\springframework\spring-expression\6.1.13\spring-expression-6.1.13.jar;C:\Users\user\.m2\repository\org\springframework\boot\spring-boot-devtools\3.3.4\spring-boot-devtools-3.3.4.jar;C:\Users\user\.m2\repository\org\springframework\boot\spring-boot\3.3.4\spring-boot-3.3.4.jar;C:\Users\user\.m2\repository\org\springframework\boot\spring-boot-autoconfigure\3.3.4\spring-boot-autoconfigure-3.3.4.jar;C:\Users\user\.m2\repository\org\projectlombok\lombok\1.18.34\lombok-1.18.34.jar;C:\Users\user\.m2\repository\jakarta\xml\bind\jakarta.xml.bind-api\4.0.2\jakarta.xml.bind-api-4.0.2.jar;C:\Users\user\.m2\repository\jakarta\activation\jakarta.activation-api\2.1.3\jakarta.activation-api-2.1.3.jar;C:\Users\user\.m2\repository\org\springframework\spring-core\6.1.13\spring-core-6.1.13.jar;C:\Users\user\.m2\repository\org\springframework\spring-jcl\6.1.13\spring-jcl-6.1.13.jar;C:\Users\user\.m2\repository\com\mysql\mysql-connector-j\8.0.33\mysql-connector-j-8.0.33.jar;C:\Users\user\.m2\repository\org\springframework\boot\spring-boot-starter-data-jpa\3.3.4\spring-boot-starter-data-jpa-3.3.4.jar;C:\Users\user\.m2\repository\org\springframework\boot\spring-boot-starter-aop\3.3.4\spring-boot-starter-aop-3.3.4.jar;C:\Users\user\.m2\repository\org\aspectj\aspectjweaver\1.9.22.1\aspectjweaver-1.9.22.1.jar;C:\Users\user\.m2\repository\org\springframework\boot\spring-boot-starter-jdbc\3.3.4\spring-boot-starter-jdbc-3.3.4.jar;C:\Users\user\.m2\repository\com\zaxxer\HikariCP\5.1.0\HikariCP-5.1.0.jar;C:\Users\user\.m2\repository\org\springframework\spring-jdbc\6.1.13\spring-jdbc-6.1.13.jar;C:\Users\user\.m2\repository\org\springframework\data\spring-data-jpa\3.3.4\spring-data-jpa-3.3.4.jar;C:\Users\user\.m2\repository\org\springframework\data\spring-data-commons\3.3.4\spring-data-commons-3.3.4.jar;C:\Users\user\.m2\repository\org\springframework\spring-orm\6.1.13\spring-orm-6.1.13.jar;C:\Users\user\.m2\repository\org\springframework\spring-tx\6.1.13\spring-tx-6.1.13.jar;C:\Users\user\.m2\repository\org\springframework\spring-aspects\6.1.13\spring-aspects-6.1.13.jar;C:\Users\user\.m2\repository\org\springframework\boot\spring-boot-starter-validation\3.3.4\spring-boot-starter-validation-3.3.4.jar;C:\Users\user\.m2\repository\org\apache\tomcat\embed\tomcat-embed-el\10.1.30\tomcat-embed-el-10.1.30.jar;C:\Users\user\.m2\repository\org\hibernate\validator\hibernate-validator\8.0.1.Final\hibernate-validator-8.0.1.Final.jar;C:\Users\user\.m2\repository\jakarta\validation\jakarta.validation-api\3.0.2\jakarta.validation-api-3.0.2.jar;C:\Users\user\.m2\repository\org\hibernate\orm\hibernate-core\6.5.3.Final\hibernate-core-6.5.3.Final.jar;C:\Users\user\.m2\repository\jakarta\persistence\jakarta.persistence-api\3.1.0\jakarta.persistence-api-3.1.0.jar;C:\Users\user\.m2\repository\jakarta\transaction\jakarta.transaction-api\2.0.1\jakarta.transaction-api-2.0.1.jar;C:\Users\user\.m2\repository\org\jboss\logging\jboss-logging\3.5.3.Final\jboss-logging-3.5.3.Final.jar;C:\Users\user\.m2\repository\org\hibernate\common\hibernate-commons-annotations\6.0.6.Final\hibernate-commons-annotations-6.0.6.Final.jar;C:\Users\user\.m2\repository\io\smallrye\jandex\3.1.2\jandex-3.1.2.jar;C:\Users\user\.m2\repository\com\fasterxml\classmate\1.7.0\classmate-1.7.0.jar;C:\Users\user\.m2\repository\net\bytebuddy\byte-buddy\1.14.19\byte-buddy-1.14.19.jar;C:\Users\user\.m2\repository\org\glassfish\jaxb\jaxb-runtime\4.0.5\jaxb-runtime-4.0.5.jar;C:\Users\user\.m2\repository\org\glassfish\jaxb\jaxb-core\4.0.5\jaxb-core-4.0.5.jar;C:\Users\user\.m2\repository\org\eclipse\angus\angus-activation\2.0.2\angus-activation-2.0.2.jar;C:\Users\user\.m2\repository\org\glassfish\jaxb\txw2\4.0.5\txw2-4.0.5.jar;C:\Users\user\.m2\repository\com\sun\istack\istack-commons-runtime\4.1.2\istack-commons-runtime-4.1.2.jar;C:\Users\user\.m2\repository\jakarta\inject\jakarta.inject-api\2.0.1\jakarta.inject-api-2.0.1.jar;C:\Users\user\.m2\repository\org\antlr\antlr4-runtime\4.13.0\antlr4-runtime-4.13.0.jar
Launcher Type: SUN_STANDARD

[Global flags]
     intx CICompilerCount                          = 2                                         {product} {ergonomic}
     uint ConcGCThreads                            = 1                                         {product} {ergonomic}
     uint G1ConcRefinementThreads                  = 2                                         {product} {ergonomic}
   size_t G1HeapRegionSize                         = 1048576                                   {product} {ergonomic}
   size_t InitialHeapSize                          = 65011712                                  {product} {ergonomic}
     bool ManagementServer                         = true                                      {product} {command line}
   size_t MarkStackSize                            = 4194304                                   {product} {ergonomic}
   size_t MarkStackSizeMax                         = 536870912                                 {product} {ergonomic}
   size_t MaxHeapSize                              = 1027604480                                {product} {ergonomic}
   size_t MaxNewSize                               = 616562688                                 {product} {ergonomic}
   size_t MinHeapDeltaBytes                        = 1048576                                   {product} {ergonomic}
   size_t MinHeapSize                              = 8388608                                   {product} {ergonomic}
    uintx NonNMethodCodeHeapSize                   = 4096                                   {pd product} {ergonomic}
    uintx NonProfiledCodeHeapSize                  = 0                                      {pd product} {ergonomic}
     bool ProfileInterpreter                       = false                                  {pd product} {command line}
    uintx ProfiledCodeHeapSize                     = 0                                      {pd product} {ergonomic}
     bool ShowCodeDetailsInExceptionMessages       = true                                   {manageable} {command line}
   size_t SoftMaxHeapSize                          = 1027604480                             {manageable} {ergonomic}
     intx TieredStopAtLevel                        = 1                                         {product} {command line}
     bool UseCompressedOops                        = true                           {product lp64_product} {ergonomic}
     bool UseG1GC                                  = true                                      {product} {ergonomic}
     bool UseLargePagesIndividualAllocation        = false                                  {pd product} {ergonomic}

Logging:
Log output configuration:
 #0: stdout all=warning uptime,level,tags foldmultilines=false
 #1: stderr all=off uptime,level,tags foldmultilines=false

Environment Variables:
PATH=C:\Program Files\Common Files\Oracle\Java\javapath;C:\WINDOWS\system32;C:\WINDOWS;C:\WINDOWS\System32\Wbem;C:\WINDOWS\System32\WindowsPowerShell\v1.0\;C:\WINDOWS\System32\OpenSSH\;C:\Program Files\Git\cmd;C:\Program Files\Docker\Docker\resources\bin;C:\Users\user\AppData\Local\Microsoft\WindowsApps;C:\Users\user\AppData\Local\Programs\Microsoft VS Code\bin
USERNAME=user
OS=Windows_NT
PROCESSOR_IDENTIFIER=Intel64 Family 6 Model 122 Stepping 8, GenuineIntel
TMP=C:\Users\user\AppData\Local\Temp
TEMP=C:\Users\user\AppData\Local\Temp




Periodic native trim disabled

---------------  S Y S T E M  ---------------

OS:
 Windows 11 , 64 bit Build 22621 (10.0.22621.3958)
OS uptime: 1 days 0:46 hours
Hyper-V role detected

CPU: total 2 (initial active 2) (2 cores per cpu, 1 threads per core) family 6 model 122 stepping 8 microcode 0x18, cx8, cmov, fxsr, mmx, 3dnowpref, sse, sse2, sse3, ssse3, sse4.1, sse4.2, popcnt, tsc, tscinvbit, aes, erms, clmul, sha, clflush, clflushopt, hv, rdtscp, rdpid
Processor Information for the first 2 processors :
  Max Mhz: 1101, Current Mhz: 1101, Mhz Limit: 1101

Memory: 4k page, system-wide physical 3918M (271M free)
TotalPageFile size 9333M (AvailPageFile size 1525M)
current process WorkingSet (physical memory assigned to process): 162M, peak: 214M
current process commit charge ("private bytes"): 254M, peak: 258M

vm_info: Java HotSpot(TM) 64-Bit Server VM (23+37-2369) for windows-amd64 JRE (23+37-2369), built on 2024-08-20T16:01:23Z with MS VC++ 17.6 (VS2022)

END.
